<?xml version="1.0" encoding="UTF-8"?>
<!-- Generated by org.testng.reporters.JUnitReportReporter -->
<testsuite hostname="DESKTOP-9JCE1NT" failures="0" tests="1" name="TestCase4" time="29.299" errors="0" timestamp="2023-05-09T17:16:53 EEST" skipped="0">
  <testcase classname="TestCase4" name="randomWebSiteLanguage" time="29.299"/>
  <system-out/>
</testsuite> <!-- TestCase4 -->
