<?xml version="1.0" encoding="UTF-8"?>
<!-- Generated by org.testng.reporters.JUnitReportReporter -->
<testsuite hostname="DESKTOP-9JCE1NT" failures="0" tests="1" name="TestCase7" time="40.097" errors="0" timestamp="2023-05-07T18:58:34 EEST" skipped="0">
  <testcase classname="TestCase7" name="selectCountriesRandomly" time="40.097"/>
  <system-out/>
</testsuite> <!-- TestCase7 -->
