<?xml version="1.0" encoding="UTF-8"?>
<!-- Generated by org.testng.reporters.JUnitReportReporter -->
<testsuite hostname="DESKTOP-9JCE1NT" failures="0" tests="1" name="TestCase2" time="0.160" errors="0" timestamp="2023-05-09T17:15:45 EEST" skipped="0">
  <testcase classname="TestCase2" name="checkTheDefualtCurrency" time="0.160"/>
  <system-out/>
</testsuite> <!-- TestCase2 -->
