<?xml version="1.0" encoding="UTF-8"?>
<!-- Generated by org.testng.reporters.JUnitReportReporter -->
<testsuite hostname="DESKTOP-9JCE1NT" failures="0" tests="1" name="TestCase6" time="82.705" errors="0" timestamp="2023-05-09T17:22:15 EEST" skipped="0">
  <testcase classname="TestCase6" name="hotelsBookTest" time="82.705"/>
  <system-out/>
</testsuite> <!-- TestCase6 -->
