<?xml version="1.0" encoding="UTF-8"?>
<!-- Generated by org.testng.reporters.JUnitReportReporter -->
<testsuite hostname="DESKTOP-9JCE1NT" failures="0" tests="1" name="TestCase1" time="0.024" errors="0" timestamp="2023-05-09T17:14:19 EEST" skipped="0">
  <testcase classname="TestCase1" name="checkTheDefualtLanguage" time="0.024"/>
  <system-out/>
</testsuite> <!-- TestCase1 -->
