<?xml version="1.0" encoding="UTF-8"?>
<!-- Generated by org.testng.reporters.JUnitReportReporter -->
<testsuite hostname="DESKTOP-9JCE1NT" failures="0" tests="1" name="TestCase3" time="29.205" errors="0" timestamp="2023-05-09T14:02:58 EEST" skipped="0">
  <testcase classname="TestCase3" name="selectCountriesRandomly" time="29.205"/>
  <system-out/>
</testsuite> <!-- TestCase3 -->
