<?xml version="1.0" encoding="UTF-8"?>
<!-- Generated by org.testng.reporters.JUnitReportReporter -->
<testsuite hostname="DESKTOP-9JCE1NT" failures="0" tests="1" name="TestCases" time="25.671" errors="0" timestamp="2023-05-04T11:34:09 EEST" skipped="0">
  <testcase classname="TestCases" name="selectCountriesRandomly" time="25.671"/>
  <system-out/>
</testsuite> <!-- TestCases -->
