<?xml version="1.0" encoding="UTF-8"?>
<!-- Generated by org.testng.reporters.JUnitReportReporter -->
<testsuite hostname="DESKTOP-9JCE1NT" failures="0" tests="2" name="TestCase5" time="2.102" errors="0" timestamp="2023-05-09T17:20:14 EEST" skipped="0">
  <testcase classname="TestCase5" name="englishWebsiteTitleTest" time="1.241"/>
  <system-out/>
  <testcase classname="TestCase5" name="arabicWebsiteTitleTest" time="0.861"/>
  <system-out/>
</testsuite> <!-- TestCase5 -->
